-------------------------------------------------------------------------------
Test set: edu.pdx.cs410J.akanksha.AppointmentTest
-------------------------------------------------------------------------------
Tests run: 3, Failures: 1, Errors: 0, Skipped: 0, Time elapsed: 0.015 sec <<< FAILURE! - in edu.pdx.cs410J.akanksha.AppointmentTest
getBeginTimeStringNeedsToBeImplemented(edu.pdx.cs410J.akanksha.AppointmentTest)  Time elapsed: 0.001 sec  <<< FAILURE!
java.lang.AssertionError: Expected exception: java.lang.UnsupportedOperationException

